{
  "RSpec": {
    "coverage": {
      "/Users/kdhubbard/mod_4/projects/tea_to_you_api/config/environment.rb": {
        "lines": [
          null,
          1,
          null,
          null,
          1
        ]
      },
      "/Users/kdhubbard/mod_4/projects/tea_to_you_api/config/application.rb": {
        "lines": [
          1,
          null,
          1,
          null,
          1,
          1,
          1,
          1,
          1,
          1,
          1,
          1,
          1,
          1,
          null,
          null,
          null,
          null,
          1,
          null,
          1,
          1,
          null,
          1,
          null,
          null,
          null,
          null,
          null,
          null,
          null,
          null,
          null,
          null,
          null,
          null,
          1,
          null,
          null
        ]
      },
      "/Users/kdhubbard/mod_4/projects/tea_to_you_api/config/boot.rb": {
        "lines": [
          1,
          null,
          1,
          1
        ]
      },
      "/Users/kdhubbard/mod_4/projects/tea_to_you_api/config/environments/test.rb": {
        "lines": [
          1,
          null,
          null,
          null,
          null,
          null,
          null,
          1,
          null,
          null,
          null,
          1,
          null,
          null,
          null,
          null,
          1,
          null,
          null,
          1,
          1,
          null,
          null,
          null,
          null,
          1,
          1,
          1,
          null,
          null,
          1,
          null,
          null,
          1,
          null,
          null,
          1,
          null,
          1,
          null,
          null,
          null,
          null,
          1,
          null,
          null,
          1,
          null,
          null,
          1,
          null,
          null,
          1,
          null,
          null,
          null,
          null,
          null,
          null,
          null
        ]
      },
      "/Users/kdhubbard/mod_4/projects/tea_to_you_api/config/initializers/cors.rb": {
        "lines": [
          null,
          null,
          null,
          null,
          null,
          null,
          null,
          null,
          null,
          null,
          null,
          null,
          null,
          null,
          null,
          null
        ]
      },
      "/Users/kdhubbard/mod_4/projects/tea_to_you_api/config/initializers/filter_parameter_logging.rb": {
        "lines": [
          null,
          null,
          null,
          null,
          null,
          1,
          null,
          null
        ]
      },
      "/Users/kdhubbard/mod_4/projects/tea_to_you_api/config/initializers/inflections.rb": {
        "lines": [
          null,
          null,
          null,
          null,
          null,
          null,
          null,
          null,
          null,
          null,
          null,
          null,
          null,
          null,
          null,
          null
        ]
      },
      "/Users/kdhubbard/mod_4/projects/tea_to_you_api/spec/factories/add_customer_to_subscriptions.rb": {
        "lines": [
          1,
          1,
          null,
          null,
          null
        ]
      },
      "/Users/kdhubbard/mod_4/projects/tea_to_you_api/spec/factories/customers.rb": {
        "lines": [
          1,
          1,
          1,
          1,
          1,
          1,
          null,
          null
        ]
      },
      "/Users/kdhubbard/mod_4/projects/tea_to_you_api/spec/factories/subscriptions.rb": {
        "lines": [
          1,
          1,
          1,
          1,
          1,
          1,
          null,
          null
        ]
      },
      "/Users/kdhubbard/mod_4/projects/tea_to_you_api/spec/factories/tea_subscriptions.rb": {
        "lines": [
          1,
          1,
          1,
          1,
          null,
          null
        ]
      },
      "/Users/kdhubbard/mod_4/projects/tea_to_you_api/spec/factories/teas.rb": {
        "lines": [
          1,
          1,
          1,
          1,
          1,
          1,
          null,
          null
        ]
      },
      "/Users/kdhubbard/mod_4/projects/tea_to_you_api/config/routes.rb": {
        "lines": [
          1,
          null,
          null,
          null,
          null,
          null
        ]
      },
      "/Users/kdhubbard/mod_4/projects/tea_to_you_api/app/models/customer.rb": {
        "lines": [
          1,
          1,
          null
        ]
      },
      "/Users/kdhubbard/mod_4/projects/tea_to_you_api/app/models/application_record.rb": {
        "lines": [
          1,
          1,
          null
        ]
      },
      "/Users/kdhubbard/mod_4/projects/tea_to_you_api/spec/models/subscription_spec.rb": {
        "lines": [
          1,
          null,
          1,
          1,
          null
        ]
      },
      "/Users/kdhubbard/mod_4/projects/tea_to_you_api/app/models/subscription.rb": {
        "lines": [
          1,
          1,
          null
        ]
      },
      "/Users/kdhubbard/mod_4/projects/tea_to_you_api/spec/models/tea_spec.rb": {
        "lines": [
          1,
          null,
          1,
          1,
          null
        ]
      },
      "/Users/kdhubbard/mod_4/projects/tea_to_you_api/app/models/tea.rb": {
        "lines": [
          1,
          null
        ]
      },
      "/Users/kdhubbard/mod_4/projects/tea_to_you_api/spec/models/tea_subscription_spec.rb": {
        "lines": [
          1,
          null,
          1,
          1,
          null
        ]
      },
      "/Users/kdhubbard/mod_4/projects/tea_to_you_api/app/models/tea_subscription.rb": {
        "lines": [
          1,
          1,
          1,
          null
        ]
      }
    },
    "timestamp": 1695160235
  }
}
